# JRE version: OpenJDK Runtime Environment (7.0_55-b14) (build 1.7.0_55-b14)
# Java VM: OpenJDK 64-Bit Server VM (24.51-b03 mixed mode linux-amd64 compressed oops)
Heap
 PSYoungGen      total 64512K, used 4091K [0x00000000ec300000, 0x00000000f0700000, 0x0000000100000000)
  eden space 60416K, 0% used [0x00000000ec300000,0x00000000ec300000,0x00000000efe00000)
  from space 4096K, 99% used [0x00000000efe00000,0x00000000f01feed8,0x00000000f0200000)
  to   space 3072K, 0% used [0x00000000f0200000,0x00000000f0200000,0x00000000f0500000)
 ParOldGen       total 40448K, used 4153K [0x00000000c4a00000, 0x00000000c7180000, 0x00000000ec300000)
  object space 40448K, 10% used [0x00000000c4a00000,0x00000000c4e0e770,0x00000000c7180000)
 PSPermGen       total 21504K, used 16390K [0x00000000ba400000, 0x00000000bb900000, 0x00000000c4a00000)
  object space 21504K, 76% used [0x00000000ba400000,0x00000000bb401850,0x00000000bb900000)
GC Heap History (10 events):
Event: 2,235 GC heap after
Heap after GC invocations=2 (full 0):
 PSYoungGen      total 17920K, used 1971K [0x00000000ec300000, 0x00000000ee600000, 0x0000000100000000)
  eden space 15360K, 0% used [0x00000000ec300000,0x00000000ec300000,0x00000000ed200000)
  from space 2560K, 77% used [0x00000000ed480000,0x00000000ed66cfa8,0x00000000ed700000)
  to   space 2560K, 0% used [0x00000000ed200000,0x00000000ed200000,0x00000000ed480000)
 ParOldGen       total 40448K, used 16K [0x00000000c4a00000, 0x00000000c7180000, 0x00000000ec300000)
  object space 40448K, 0% used [0x00000000c4a00000,0x00000000c4a04000,0x00000000c7180000)
 PSPermGen       total 21504K, used 7285K [0x00000000ba400000, 0x00000000bb900000, 0x00000000c4a00000)
  object space 21504K, 33% used [0x00000000ba400000,0x00000000bab1d4d8,0x00000000bb900000)
}
Event: 3,177 GC heap before
{Heap before GC invocations=3 (full 0):
 PSYoungGen      total 17920K, used 17331K [0x00000000ec300000, 0x00000000ee600000, 0x0000000100000000)
  eden space 15360K, 100% used [0x00000000ec300000,0x00000000ed200000,0x00000000ed200000)
  from space 2560K, 77% used [0x00000000ed480000,0x00000000ed66cfa8,0x00000000ed700000)
  to   space 2560K, 0% used [0x00000000ed200000,0x00000000ed200000,0x00000000ed480000)
 ParOldGen       total 40448K, used 16K [0x00000000c4a00000, 0x00000000c7180000, 0x00000000ec300000)
  object space 40448K, 0% used [0x00000000c4a00000,0x00000000c4a04000,0x00000000c7180000)
 PSPermGen       total 21504K, used 8144K [0x00000000ba400000, 0x00000000bb900000, 0x00000000c4a00000)
  object space 21504K, 37% used [0x00000000ba400000,0x00000000babf4318,0x00000000bb900000)
Event: 3,193 GC heap after
Heap after GC invocations=3 (full 0):
 PSYoungGen      total 17920K, used 2036K [0x00000000ec300000, 0x00000000ee600000, 0x0000000100000000)
  eden space 15360K, 0% used [0x00000000ec300000,0x00000000ec300000,0x00000000ed200000)
  from space 2560K, 79% used [0x00000000ed200000,0x00000000ed3fd0a0,0x00000000ed480000)
  to   space 2560K, 0% used [0x00000000ee380000,0x00000000ee380000,0x00000000ee600000)
 ParOldGen       total 40448K, used 16K [0x00000000c4a00000, 0x00000000c7180000, 0x00000000ec300000)
  object space 40448K, 0% used [0x00000000c4a00000,0x00000000c4a04000,0x00000000c7180000)
 PSPermGen       total 21504K, used 8144K [0x00000000ba400000, 0x00000000bb900000, 0x00000000c4a00000)
  object space 21504K, 37% used [0x00000000ba400000,0x00000000babf4318,0x00000000bb900000)
}
Event: 3,761 GC heap before
{Heap before GC invocations=4 (full 0):
 PSYoungGen      total 17920K, used 17396K [0x00000000ec300000, 0x00000000ee600000, 0x0000000100000000)
  eden space 15360K, 100% used [0x00000000ec300000,0x00000000ed200000,0x00000000ed200000)
  from space 2560K, 79% used [0x00000000ed200000,0x00000000ed3fd0a0,0x00000000ed480000)
  to   space 2560K, 0% used [0x00000000ee380000,0x00000000ee380000,0x00000000ee600000)
 ParOldGen       total 40448K, used 16K [0x00000000c4a00000, 0x00000000c7180000, 0x00000000ec300000)
  object space 40448K, 0% used [0x00000000c4a00000,0x00000000c4a04000,0x00000000c7180000)
 PSPermGen       total 21504K, used 9183K [0x00000000ba400000, 0x00000000bb900000, 0x00000000c4a00000)
  object space 21504K, 42% used [0x00000000ba400000,0x00000000bacf7f10,0x00000000bb900000)
Event: 3,775 GC heap after
Heap after GC invocations=4 (full 0):
 PSYoungGen      total 33280K, used 2268K [0x00000000ec300000, 0x00000000ee600000, 0x0000000100000000)
  eden space 30720K, 0% used [0x00000000ec300000,0x00000000ec300000,0x00000000ee100000)
  from space 2560K, 88% used [0x00000000ee380000,0x00000000ee5b7048,0x00000000ee600000)
  to   space 2560K, 0% used [0x00000000ee100000,0x00000000ee100000,0x00000000ee380000)
 ParOldGen       total 40448K, used 24K [0x00000000c4a00000, 0x00000000c7180000, 0x00000000ec300000)
  object space 40448K, 0% used [0x00000000c4a00000,0x00000000c4a06000,0x00000000c7180000)
 PSPermGen       total 21504K, used 9183K [0x00000000ba400000, 0x00000000bb900000, 0x00000000c4a00000)
  object space 21504K, 42% used [0x00000000ba400000,0x00000000bacf7f10,0x00000000bb900000)
}
Event: 4,784 GC heap before
{Heap before GC invocations=5 (full 0):
 PSYoungGen      total 33280K, used 32988K [0x00000000ec300000, 0x00000000ee600000, 0x0000000100000000)
  eden space 30720K, 100% used [0x00000000ec300000,0x00000000ee100000,0x00000000ee100000)
  from space 2560K, 88% used [0x00000000ee380000,0x00000000ee5b7048,0x00000000ee600000)
  to   space 2560K, 0% used [0x00000000ee100000,0x00000000ee100000,0x00000000ee380000)
 ParOldGen       total 40448K, used 24K [0x00000000c4a00000, 0x00000000c7180000, 0x00000000ec300000)
  object space 40448K, 0% used [0x00000000c4a00000,0x00000000c4a06000,0x00000000c7180000)
 PSPermGen       total 21504K, used 10987K [0x00000000ba400000, 0x00000000bb900000, 0x00000000c4a00000)
  object space 21504K, 51% used [0x00000000ba400000,0x00000000baebad18,0x00000000bb900000)
Event: 5,056 GC heap after
Heap after GC invocations=5 (full 0):
 PSYoungGen      total 33280K, used 2539K [0x00000000ec300000, 0x00000000f0500000, 0x0000000100000000)
  eden space 30720K, 0% used [0x00000000ec300000,0x00000000ec300000,0x00000000ee100000)
  from space 2560K, 99% used [0x00000000ee100000,0x00000000ee37ae98,0x00000000ee380000)
  to   space 3072K, 0% used [0x00000000f0200000,0x00000000f0200000,0x00000000f0500000)
 ParOldGen       total 40448K, used 590K [0x00000000c4a00000, 0x00000000c7180000, 0x00000000ec300000)
  object space 40448K, 1% used [0x00000000c4a00000,0x00000000c4a939c0,0x00000000c7180000)
 PSPermGen       total 21504K, used 10987K [0x00000000ba400000, 0x00000000bb900000, 0x00000000c4a00000)
  object space 21504K, 51% used [0x00000000ba400000,0x00000000baebad18,0x00000000bb900000)
}
Event: 5,715 GC heap before
{Heap before GC invocations=6 (full 0):
 PSYoungGen      total 33280K, used 33259K [0x00000000ec300000, 0x00000000f0500000, 0x0000000100000000)
  eden space 30720K, 100% used [0x00000000ec300000,0x00000000ee100000,0x00000000ee100000)
  from space 2560K, 99% used [0x00000000ee100000,0x00000000ee37ae98,0x00000000ee380000)
  to   space 3072K, 0% used [0x00000000f0200000,0x00000000f0200000,0x00000000f0500000)
 ParOldGen       total 40448K, used 590K [0x00000000c4a00000, 0x00000000c7180000, 0x00000000ec300000)
  object space 40448K, 1% used [0x00000000c4a00000,0x00000000c4a939c0,0x00000000c7180000)
 PSPermGen       total 21504K, used 12668K [0x00000000ba400000, 0x00000000bb900000, 0x00000000c4a00000)
  object space 21504K, 58% used [0x00000000ba400000,0x00000000bb05f3a0,0x00000000bb900000)
Event: 5,749 GC heap after
Heap after GC invocations=6 (full 0):
 PSYoungGen      total 63488K, used 3065K [0x00000000ec300000, 0x00000000f0700000, 0x0000000100000000)
  eden space 60416K, 0% used [0x00000000ec300000,0x00000000ec300000,0x00000000efe00000)
  from space 3072K, 99% used [0x00000000f0200000,0x00000000f04fe760,0x00000000f0500000)
  to   space 4096K, 0% used [0x00000000efe00000,0x00000000efe00000,0x00000000f0200000)
 ParOldGen       total 40448K, used 1172K [0x00000000c4a00000, 0x00000000c7180000, 0x00000000ec300000)
  object space 40448K, 2% used [0x00000000c4a00000,0x00000000c4b25300,0x00000000c7180000)
 PSPermGen       total 21504K, used 12668K [0x00000000ba400000, 0x00000000bb900000, 0x00000000c4a00000)
  object space 21504K, 58% used [0x00000000ba400000,0x00000000bb05f3a0,0x00000000bb900000)
}
Event: 7,020 GC heap before
{Heap before GC invocations=7 (full 0):
 PSYoungGen      total 63488K, used 63481K [0x00000000ec300000, 0x00000000f0700000, 0x0000000100000000)
  eden space 60416K, 100% used [0x00000000ec300000,0x00000000efe00000,0x00000000efe00000)
  from space 3072K, 99% used [0x00000000f0200000,0x00000000f04fe760,0x00000000f0500000)
  to   space 4096K, 0% used [0x00000000efe00000,0x00000000efe00000,0x00000000f0200000)
 ParOldGen       total 40448K, used 1172K [0x00000000c4a00000, 0x00000000c7180000, 0x00000000ec300000)
  object space 40448K, 2% used [0x00000000c4a00000,0x00000000c4b25300,0x00000000c7180000)
 PSPermGen       total 21504K, used 16390K [0x00000000ba400000, 0x00000000bb900000, 0x00000000c4a00000)
  object space 21504K, 76% used [0x00000000ba400000,0x00000000bb401850,0x00000000bb900000)

