# JRE version: OpenJDK Runtime Environment (7.0_55-b14) (build 1.7.0_55-b14)
# Java VM: OpenJDK 64-Bit Server VM (24.51-b03 mixed mode linux-amd64 compressed oops)
Heap
 PSYoungGen      total 129024K, used 8360K [0x00000000ec300000, 0x00000000f4e00000, 0x0000000100000000)
  eden space 119296K, 0% used [0x00000000ec300000,0x00000000ec300000,0x00000000f3780000)
  from space 9728K, 85% used [0x00000000f3780000,0x00000000f3faa3c8,0x00000000f4100000)
  to   space 6144K, 0% used [0x00000000f4100000,0x00000000f4100000,0x00000000f4700000)
 ParOldGen       total 40448K, used 9981K [0x00000000c4a00000, 0x00000000c7180000, 0x00000000ec300000)
  object space 40448K, 24% used [0x00000000c4a00000,0x00000000c53bf550,0x00000000c7180000)
 PSPermGen       total 23040K, used 22982K [0x00000000ba400000, 0x00000000bba80000, 0x00000000c4a00000)
  object space 23040K, 99% used [0x00000000ba400000,0x00000000bba718a0,0x00000000bba80000)
GC Heap History (10 events):
Event: 1,686 GC heap after
Heap after GC invocations=2 (full 0):
 PSYoungGen      total 33280K, used 1907K [0x00000000ec300000, 0x00000000ee600000, 0x0000000100000000)
  eden space 30720K, 0% used [0x00000000ec300000,0x00000000ec300000,0x00000000ee100000)
  from space 2560K, 74% used [0x00000000ee380000,0x00000000ee55cfa8,0x00000000ee600000)
  to   space 2560K, 0% used [0x00000000ee100000,0x00000000ee100000,0x00000000ee380000)
 ParOldGen       total 40448K, used 16K [0x00000000c4a00000, 0x00000000c7180000, 0x00000000ec300000)
  object space 40448K, 0% used [0x00000000c4a00000,0x00000000c4a04000,0x00000000c7180000)
 PSPermGen       total 21504K, used 7285K [0x00000000ba400000, 0x00000000bb900000, 0x00000000c4a00000)
  object space 21504K, 33% used [0x00000000ba400000,0x00000000bab1d4b0,0x00000000bb900000)
}
Event: 2,732 GC heap before
{Heap before GC invocations=3 (full 0):
 PSYoungGen      total 33280K, used 32627K [0x00000000ec300000, 0x00000000ee600000, 0x0000000100000000)
  eden space 30720K, 100% used [0x00000000ec300000,0x00000000ee100000,0x00000000ee100000)
  from space 2560K, 74% used [0x00000000ee380000,0x00000000ee55cfa8,0x00000000ee600000)
  to   space 2560K, 0% used [0x00000000ee100000,0x00000000ee100000,0x00000000ee380000)
 ParOldGen       total 40448K, used 16K [0x00000000c4a00000, 0x00000000c7180000, 0x00000000ec300000)
  object space 40448K, 0% used [0x00000000c4a00000,0x00000000c4a04000,0x00000000c7180000)
 PSPermGen       total 21504K, used 9115K [0x00000000ba400000, 0x00000000bb900000, 0x00000000c4a00000)
  object space 21504K, 42% used [0x00000000ba400000,0x00000000bace6ce8,0x00000000bb900000)
Event: 2,743 GC heap after
Heap after GC invocations=3 (full 0):
 PSYoungGen      total 33280K, used 2536K [0x00000000ec300000, 0x00000000f0400000, 0x0000000100000000)
  eden space 30720K, 0% used [0x00000000ec300000,0x00000000ec300000,0x00000000ee100000)
  from space 2560K, 99% used [0x00000000ee100000,0x00000000ee37a290,0x00000000ee380000)
  to   space 2560K, 0% used [0x00000000f0180000,0x00000000f0180000,0x00000000f0400000)
 ParOldGen       total 40448K, used 207K [0x00000000c4a00000, 0x00000000c7180000, 0x00000000ec300000)
  object space 40448K, 0% used [0x00000000c4a00000,0x00000000c4a33d40,0x00000000c7180000)
 PSPermGen       total 21504K, used 9115K [0x00000000ba400000, 0x00000000bb900000, 0x00000000c4a00000)
  object space 21504K, 42% used [0x00000000ba400000,0x00000000bace6ce8,0x00000000bb900000)
}
Event: 3,547 GC heap before
{Heap before GC invocations=4 (full 0):
 PSYoungGen      total 33280K, used 33256K [0x00000000ec300000, 0x00000000f0400000, 0x0000000100000000)
  eden space 30720K, 100% used [0x00000000ec300000,0x00000000ee100000,0x00000000ee100000)
  from space 2560K, 99% used [0x00000000ee100000,0x00000000ee37a290,0x00000000ee380000)
  to   space 2560K, 0% used [0x00000000f0180000,0x00000000f0180000,0x00000000f0400000)
 ParOldGen       total 40448K, used 207K [0x00000000c4a00000, 0x00000000c7180000, 0x00000000ec300000)
  object space 40448K, 0% used [0x00000000c4a00000,0x00000000c4a33d40,0x00000000c7180000)
 PSPermGen       total 21504K, used 10987K [0x00000000ba400000, 0x00000000bb900000, 0x00000000c4a00000)
  object space 21504K, 51% used [0x00000000ba400000,0x00000000baebad88,0x00000000bb900000)
Event: 3,583 GC heap after
Heap after GC invocations=4 (full 0):
 PSYoungGen      total 64000K, used 2554K [0x00000000ec300000, 0x00000000f0400000, 0x0000000100000000)
  eden space 61440K, 0% used [0x00000000ec300000,0x00000000ec300000,0x00000000eff00000)
  from space 2560K, 99% used [0x00000000f0180000,0x00000000f03fe8f8,0x00000000f0400000)
  to   space 2560K, 0% used [0x00000000eff00000,0x00000000eff00000,0x00000000f0180000)
 ParOldGen       total 40448K, used 783K [0x00000000c4a00000, 0x00000000c7180000, 0x00000000ec300000)
  object space 40448K, 1% used [0x00000000c4a00000,0x00000000c4ac3c70,0x00000000c7180000)
 PSPermGen       total 21504K, used 10987K [0x00000000ba400000, 0x00000000bb900000, 0x00000000c4a00000)
  object space 21504K, 51% used [0x00000000ba400000,0x00000000baebad88,0x00000000bb900000)
}
Event: 4,692 GC heap before
{Heap before GC invocations=5 (full 0):
 PSYoungGen      total 64000K, used 63994K [0x00000000ec300000, 0x00000000f0400000, 0x0000000100000000)
  eden space 61440K, 100% used [0x00000000ec300000,0x00000000eff00000,0x00000000eff00000)
  from space 2560K, 99% used [0x00000000f0180000,0x00000000f03fe8f8,0x00000000f0400000)
  to   space 2560K, 0% used [0x00000000eff00000,0x00000000eff00000,0x00000000f0180000)
 ParOldGen       total 40448K, used 783K [0x00000000c4a00000, 0x00000000c7180000, 0x00000000ec300000)
  object space 40448K, 1% used [0x00000000c4a00000,0x00000000c4ac3c70,0x00000000c7180000)
 PSPermGen       total 21504K, used 14188K [0x00000000ba400000, 0x00000000bb900000, 0x00000000c4a00000)
  object space 21504K, 65% used [0x00000000ba400000,0x00000000bb1db290,0x00000000bb900000)
Event: 4,704 GC heap after
Heap after GC invocations=5 (full 0):
 PSYoungGen      total 64000K, used 2554K [0x00000000ec300000, 0x00000000f4700000, 0x0000000100000000)
  eden space 61440K, 0% used [0x00000000ec300000,0x00000000ec300000,0x00000000eff00000)
  from space 2560K, 99% used [0x00000000eff00000,0x00000000f017eb68,0x00000000f0180000)
  to   space 6144K, 0% used [0x00000000f4100000,0x00000000f4100000,0x00000000f4700000)
 ParOldGen       total 40448K, used 4687K [0x00000000c4a00000, 0x00000000c7180000, 0x00000000ec300000)
  object space 40448K, 11% used [0x00000000c4a00000,0x00000000c4e93e18,0x00000000c7180000)
 PSPermGen       total 21504K, used 14188K [0x00000000ba400000, 0x00000000bb900000, 0x00000000c4a00000)
  object space 21504K, 65% used [0x00000000ba400000,0x00000000bb1db290,0x00000000bb900000)
}
Event: 5,499 GC heap before
{Heap before GC invocations=6 (full 0):
 PSYoungGen      total 64000K, used 63994K [0x00000000ec300000, 0x00000000f4700000, 0x0000000100000000)
  eden space 61440K, 100% used [0x00000000ec300000,0x00000000eff00000,0x00000000eff00000)
  from space 2560K, 99% used [0x00000000eff00000,0x00000000f017eb68,0x00000000f0180000)
  to   space 6144K, 0% used [0x00000000f4100000,0x00000000f4100000,0x00000000f4700000)
 ParOldGen       total 40448K, used 4687K [0x00000000c4a00000, 0x00000000c7180000, 0x00000000ec300000)
  object space 40448K, 11% used [0x00000000c4a00000,0x00000000c4e93e18,0x00000000c7180000)
 PSPermGen       total 21504K, used 17881K [0x00000000ba400000, 0x00000000bb900000, 0x00000000c4a00000)
  object space 21504K, 83% used [0x00000000ba400000,0x00000000bb576710,0x00000000bb900000)
Event: 5,517 GC heap after
Heap after GC invocations=6 (full 0):
 PSYoungGen      total 125440K, used 6136K [0x00000000ec300000, 0x00000000f4e00000, 0x0000000100000000)
  eden space 119296K, 0% used [0x00000000ec300000,0x00000000ec300000,0x00000000f3780000)
  from space 6144K, 99% used [0x00000000f4100000,0x00000000f46fe0d0,0x00000000f4700000)
  to   space 9728K, 0% used [0x00000000f3780000,0x00000000f3780000,0x00000000f4100000)
 ParOldGen       total 40448K, used 8875K [0x00000000c4a00000, 0x00000000c7180000, 0x00000000ec300000)
  object space 40448K, 21% used [0x00000000c4a00000,0x00000000c52aaeb8,0x00000000c7180000)
 PSPermGen       total 21504K, used 17881K [0x00000000ba400000, 0x00000000bb900000, 0x00000000c4a00000)
  object space 21504K, 83% used [0x00000000ba400000,0x00000000bb576710,0x00000000bb900000)
}
Event: 7,158 GC heap before
{Heap before GC invocations=7 (full 0):
 PSYoungGen      total 125440K, used 125432K [0x00000000ec300000, 0x00000000f4e00000, 0x0000000100000000)
  eden space 119296K, 100% used [0x00000000ec300000,0x00000000f3780000,0x00000000f3780000)
  from space 6144K, 99% used [0x00000000f4100000,0x00000000f46fe0d0,0x00000000f4700000)
  to   space 9728K, 0% used [0x00000000f3780000,0x00000000f3780000,0x00000000f4100000)
 ParOldGen       total 40448K, used 8875K [0x00000000c4a00000, 0x00000000c7180000, 0x00000000ec300000)
  object space 40448K, 21% used [0x00000000c4a00000,0x00000000c52aaeb8,0x00000000c7180000)
 PSPermGen       total 23040K, used 22982K [0x00000000ba400000, 0x00000000bba80000, 0x00000000c4a00000)
  object space 23040K, 99% used [0x00000000ba400000,0x00000000bba718a0,0x00000000bba80000)

